[2024-01-10 08:05:57] (DEBUG) => earthling/handler/dao/pickles/google.pickle
[2024-01-10 08:05:57] (DEBUG) => earthling/handler/dao/pickles/googlecn.pickle
[2024-01-10 08:05:57] (DEBUG) => earthling/handler/dao/pickles/naver.pickle
[2024-01-10 08:05:57] (DEBUG) => earthling/handler/dao/pickles/daum.pickle
[2024-01-10 08:05:57] (DEBUG) => earthling/handler/dao/pickles/baidu.pickle
[2024-01-10 08:05:57] (DEBUG) => application/google/pickles/base.pickle
[2024-01-10 08:05:57] (DEBUG) => application/google/pickles/web.pickle
[2024-01-10 08:05:57] (DEBUG) => application/google/pickles/news.pickle
[2024-01-10 08:05:57] (DEBUG) => application/google/pickles/facebook.pickle
[2024-01-10 08:05:57] (DEBUG) => application/naver/pickles/base.pickle
[2024-01-10 08:05:57] (DEBUG) => application/naver/pickles/web.pickle
[2024-01-10 08:05:57] (DEBUG) => application/naver/pickles/blog.pickle
[2024-01-10 08:05:57] (DEBUG) => application/naver/pickles/news.pickle
[2024-01-10 08:05:57] (DEBUG) => application/naver/pickles/cafe.pickle
[2024-01-10 08:05:57] (DEBUG) => application/naver/pickles/kin.pickle
[2024-01-10 08:05:57] (DEBUG) => application/naver/pickles/academic.pickle
[2024-01-10 08:05:57] (DEBUG) => application/daum/pickles/base.pickle
[2024-01-10 08:05:57] (DEBUG) => application/daum/pickles/web.pickle
[2024-01-10 08:05:57] (DEBUG) => application/daum/pickles/news.pickle
[2024-01-10 08:05:57] (DEBUG) => application/daum/pickles/blog.pickle
[2024-01-10 08:05:57] (DEBUG) => application/daum/pickles/cafe.pickle
[2024-01-10 08:05:57] (DEBUG) => application/baidu/pickles/base.pickle
[2024-01-10 08:05:57] (DEBUG) => application/baidu/pickles/web.pickle
[2024-01-10 08:05:57] (DEBUG) => application/baidu/pickles/news.pickle
[2024-01-10 08:05:57] (DEBUG) => application/baidu/pickles/academic.pickle
[2024-01-10 08:05:57] (DEBUG) => application/googlecn/pickles/base.pickle
[2024-01-10 08:05:57] (DEBUG) => application/googlecn/pickles/web.pickle
[2024-01-10 08:05:57] (DEBUG) => application/googlecn/pickles/academic.pickle
[2024-01-10 08:05:58] (DEBUG) => Manager로부터 받은 echo 메시지: 50152
[2024-01-10 08:05:58] (DEBUG) => Started Assistant Server From 10.0.0.2:50152
[2024-01-10 08:06:04] (DEBUG) => Worker-[1000]가 task-[704501]의 'cafe'(을)를 시작합니다. (Thread: 18904)
[2024-01-10 08:06:04] (DEBUG) => Worker-[1000]가 task-[704501]의 'cafe'(을)를 처리중입니다.
[2024-01-10 08:06:04] (DEBUG) => 수집정보 => 채널: daum, 유형: cafe, 키워드: 다니엘 리 | 다니엘리 | Daniel Lee, 기간: 2018-07-01 ~ 2021-12-31, 테이블: scraw_daum_datainfo
[2024-01-10 08:06:08] (DEBUG) => task-[704501] 수집 중 => 키워드: 다니엘 리 | 다니엘리 | Daniel Lee, 카운트: 1, 내용: 주제가 있는 미국사﻿ // ‘경쟁’ 아닌 ‘협동’으로 
[2024-01-10 08:06:08] (DEBUG) => task-[704501] 수집 중 => 키워드: 다니엘 리 | 다니엘리 | Daniel Lee, 카운트: 2, 내용: CM11 #방심위10 규정-박살 Broadcasting
[2024-01-10 08:06:08] (DEBUG) => task-[704501] 수집 중 => 키워드: 다니엘 리 | 다니엘리 | Daniel Lee, 카운트: 3, 내용: 여자들 사이에서 요즘 인기 최고 가방	https://c
[2024-01-10 08:06:08] (DEBUG) => task-[704501] 수집 중 => 키워드: 다니엘 리 | 다니엘리 | Daniel Lee, 카운트: 4, 내용: SWF스우파 2회ㆍ 리액션캠~ 💖 210831	http
[2024-01-10 08:06:08] (DEBUG) => task-[704501] 수집 중 => 키워드: 다니엘 리 | 다니엘리 | Daniel Lee, 카운트: 5, 내용: Knowledge and Teaching:Foundat
[2024-01-10 08:06:08] (DEBUG) => task-[704501] 수집 중 => 키워드: 다니엘 리 | 다니엘리 | Daniel Lee, 카운트: 6, 내용: 문화상식Cultural Common Sense 2021
[2024-01-10 08:06:08] (DEBUG) => task-[704501] 수집 중 => 키워드: 다니엘 리 | 다니엘리 | Daniel Lee, 카운트: 7, 내용: Beautiful Sunday - <b>Daniel</
[2024-01-10 08:06:08] (DEBUG) => task-[704501] 수집 중 => 키워드: 다니엘 리 | 다니엘리 | Daniel Lee, 카운트: 8, 내용: Hard to say 1`m sorry	https://
[2024-01-10 08:06:08] (DEBUG) => task-[704501] 수집 중 => 키워드: 다니엘 리 | 다니엘리 | Daniel Lee, 카운트: 9, 내용: ■ 과학적 영지주의란 무엇인가?-2 : 트랜스휴머니스트
[2024-01-10 08:06:08] (DEBUG) => task-[704501] 수집 중 => 키워드: 다니엘 리 | 다니엘리 | Daniel Lee, 카운트: 10, 내용: 영어성경 목록[구약39권+신약27권=66권]/영어성경 
[2024-01-10 08:06:08] (DEBUG) => task-[704501] 수집 중 => 키워드: 다니엘 리 | 다니엘리 | Daniel Lee, 카운트: 11, 내용: 梁芳秀(양방수) 第(제)2次(차) 世界(세계) 大戰(대
[2024-01-10 08:06:08] (DEBUG) => task-[704501] 수집 중 => 키워드: 다니엘 리 | 다니엘리 | Daniel Lee, 카운트: 12, 내용: Beautiful Sunday - <b>Daniel</
[2024-01-10 08:06:08] (DEBUG) => task-[704501] 수집 중 => 키워드: 다니엘 리 | 다니엘리 | Daniel Lee, 카운트: 13, 내용: 위험한 생각들 - 당대 최고의 석학 110명에게 물었다
[2024-01-10 08:06:08] (DEBUG) => task-[704501] 수집 중 => 키워드: 다니엘 리 | 다니엘리 | Daniel Lee, 카운트: 14, 내용: 문화만행 Cultural Barbarism in the
[2024-01-10 08:06:08] (DEBUG) => task-[704501] 수집 중 => 키워드: 다니엘 리 | 다니엘리 | Daniel Lee, 카운트: 15, 내용: 미국 대선 비하인드 스토리 -위조 투표용지 사건	htt
[2024-01-10 08:06:19] (DEBUG) => task-[704501] 수집 중 => 키워드: 다니엘 리 | 다니엘리 | Daniel Lee, 카운트: 16, 내용: 주제가 있는 미국사﻿ // ‘경쟁’ 아닌 ‘협동’으로 
[2024-01-10 08:06:19] (DEBUG) => task-[704501] 수집 중 => 키워드: 다니엘 리 | 다니엘리 | Daniel Lee, 카운트: 17, 내용: CM11 #방심위10 규정-박살 Broadcasting
[2024-01-10 08:06:19] (DEBUG) => task-[704501] 수집 중 => 키워드: 다니엘 리 | 다니엘리 | Daniel Lee, 카운트: 18, 내용: 여자들 사이에서 요즘 인기 최고 가방	https://c
[2024-01-10 08:06:19] (DEBUG) => task-[704501] 수집 중 => 키워드: 다니엘 리 | 다니엘리 | Daniel Lee, 카운트: 19, 내용: SWF스우파 2회ㆍ 리액션캠~ 💖 210831	http
[2024-01-10 08:06:19] (DEBUG) => task-[704501] 수집 중 => 키워드: 다니엘 리 | 다니엘리 | Daniel Lee, 카운트: 20, 내용: Knowledge and Teaching:Foundat
[2024-01-10 08:06:19] (DEBUG) => task-[704501] 수집 중 => 키워드: 다니엘 리 | 다니엘리 | Daniel Lee, 카운트: 21, 내용: 문화상식Cultural Common Sense 2021
[2024-01-10 08:06:19] (DEBUG) => task-[704501] 수집 중 => 키워드: 다니엘 리 | 다니엘리 | Daniel Lee, 카운트: 22, 내용: Beautiful Sunday - <b>Daniel</
[2024-01-10 08:06:19] (DEBUG) => task-[704501] 수집 중 => 키워드: 다니엘 리 | 다니엘리 | Daniel Lee, 카운트: 23, 내용: Hard to say 1`m sorry	https://
[2024-01-10 08:06:19] (DEBUG) => task-[704501] 수집 중 => 키워드: 다니엘 리 | 다니엘리 | Daniel Lee, 카운트: 24, 내용: ■ 과학적 영지주의란 무엇인가?-2 : 트랜스휴머니스트
[2024-01-10 08:06:19] (DEBUG) => task-[704501] 수집 중 => 키워드: 다니엘 리 | 다니엘리 | Daniel Lee, 카운트: 25, 내용: 영어성경 목록[구약39권+신약27권=66권]/영어성경 
[2024-01-10 08:06:19] (DEBUG) => task-[704501] 수집 중 => 키워드: 다니엘 리 | 다니엘리 | Daniel Lee, 카운트: 26, 내용: 梁芳秀(양방수) 第(제)2次(차) 世界(세계) 大戰(대
[2024-01-10 08:06:19] (DEBUG) => task-[704501] 수집 중 => 키워드: 다니엘 리 | 다니엘리 | Daniel Lee, 카운트: 27, 내용: Beautiful Sunday - <b>Daniel</
[2024-01-10 08:06:19] (DEBUG) => task-[704501] 수집 중 => 키워드: 다니엘 리 | 다니엘리 | Daniel Lee, 카운트: 28, 내용: 위험한 생각들 - 당대 최고의 석학 110명에게 물었다
[2024-01-10 08:06:19] (DEBUG) => task-[704501] 수집 중 => 키워드: 다니엘 리 | 다니엘리 | Daniel Lee, 카운트: 29, 내용: 문화만행 Cultural Barbarism in the
[2024-01-10 08:06:19] (DEBUG) => task-[704501] 수집 중 => 키워드: 다니엘 리 | 다니엘리 | Daniel Lee, 카운트: 30, 내용: 미국 대선 비하인드 스토리 -위조 투표용지 사건	htt
[2024-01-10 08:06:30] (DEBUG) => task-[704501] 수집 중 => 키워드: 다니엘 리 | 다니엘리 | Daniel Lee, 카운트: 31, 내용: 성경관련사전 A부터 Z까지	https://cafe.da
[2024-01-10 08:06:30] (DEBUG) => task-[704501] 수집 중 => 키워드: 다니엘 리 | 다니엘리 | Daniel Lee, 카운트: 32, 내용: ‘전쟁의 사상자들’을 까뭉개는 악당들 Smashing 
[2024-01-10 08:06:30] (DEBUG) => task-[704501] 수집 중 => 키워드: 다니엘 리 | 다니엘리 | Daniel Lee, 카운트: 33, 내용: '피라미드'를 까뭉개시지...How dare to Sm
[2024-01-10 08:06:30] (DEBUG) => task-[704501] 수집 중 => 키워드: 다니엘 리 | 다니엘리 | Daniel Lee, 카운트: 34, 내용: 영화 박살 악당들에 댄저 클로즈를 Danger Clos
[2024-01-10 08:06:30] (DEBUG) => task-[704501] 수집 중 => 키워드: 다니엘 리 | 다니엘리 | Daniel Lee, 카운트: 35, 내용: 미국 주교단, 정부에 사형 집행 중지 요구	https:
[2024-01-10 08:06:30] (DEBUG) => task-[704501] 수집 중 => 키워드: 다니엘 리 | 다니엘리 | Daniel Lee, 카운트: 36, 내용: 살해 어린이 유죄 판결을받은 4 명의 연방 수감자를 위
[2024-01-10 08:06:30] (DEBUG) => task-[704501] 수집 중 => 키워드: 다니엘 리 | 다니엘리 | Daniel Lee, 카운트: 37, 내용: 13의회 및 300인 위원회 명단 공개합니다	https
[2024-01-10 08:06:30] (DEBUG) => task-[704501] 수집 중 => 키워드: 다니엘 리 | 다니엘리 | Daniel Lee, 카운트: 38, 내용: ﻿베이징 789 예술구 아트 스크린에서 관념 : 798
[2024-01-10 08:06:30] (DEBUG) => task-[704501] 수집 중 => 키워드: 다니엘 리 | 다니엘리 | Daniel Lee, 카운트: 39, 내용: 영어이름	https://cafe.daum.net/4ju
[2024-01-10 08:06:30] (DEBUG) => task-[704501] 수집 중 => 키워드: 다니엘 리 | 다니엘리 | Daniel Lee, 카운트: 40, 내용: 유태인들의 돈에 관한 철학과 돈 버는 비법!	https
[2024-01-10 08:06:30] (DEBUG) => task-[704501] 수집 중 => 키워드: 다니엘 리 | 다니엘리 | Daniel Lee, 카운트: 41, 내용: 셔터스톡, ‘2020 오스카 팝! 포스터 시리즈’ 공개
[2024-01-10 08:06:30] (DEBUG) => task-[704501] 수집 중 => 키워드: 다니엘 리 | 다니엘리 | Daniel Lee, 카운트: 42, 내용: Pop-Song, OST, 모음집 CD 팝니다..	ht
[2024-01-10 08:06:30] (DEBUG) => task-[704501] 수집 중 => 키워드: 다니엘 리 | 다니엘리 | Daniel Lee, 카운트: 43, 내용: [낭만극장] The Best Romance Movies
[2024-01-10 08:06:30] (DEBUG) => task-[704501] 수집 중 => 키워드: 다니엘 리 | 다니엘리 | Daniel Lee, 카운트: 44, 내용: 한국교회사 / 선교사 입국과 복음의 전래(2)	http
[2024-01-10 08:06:30] (DEBUG) => task-[704501] 수집 중 => 키워드: 다니엘 리 | 다니엘리 | Daniel Lee, 카운트: 45, 내용: "The Duel - Morricone Draws Fi
[2024-01-10 08:06:42] (DEBUG) => task-[704501] 수집 중 => 키워드: 다니엘 리 | 다니엘리 | Daniel Lee, 카운트: 46, 내용: 외국 배우 팔 거면 그냥 마블을 파라는 소리가 있는 마
[2024-01-10 08:06:42] (DEBUG) => task-[704501] 수집 중 => 키워드: 다니엘 리 | 다니엘리 | Daniel Lee, 카운트: 47, 내용: <b>다니엘</b> <b>리</b> 작품	https:/
[2024-01-10 08:06:42] (DEBUG) => task-[704501] 수집 중 => 키워드: 다니엘 리 | 다니엘리 | Daniel Lee, 카운트: 48, 내용: You Are Never Too Old For Succ
[2024-01-10 08:06:42] (DEBUG) => task-[704501] 수집 중 => 키워드: 다니엘 리 | 다니엘리 | Daniel Lee, 카운트: 49, 내용: 최의덕 선교사	https://cafe.daum.net/
[2024-01-10 08:06:42] (DEBUG) => task-[704501] 수집 중 => 키워드: 다니엘 리 | 다니엘리 | Daniel Lee, 카운트: 50, 내용: 트럼프 천하재편정국 - 194. 부시-클린턴 조직범죄단
[2024-01-10 08:06:42] (DEBUG) => task-[704501] 수집 중 => 키워드: 다니엘 리 | 다니엘리 | Daniel Lee, 카운트: 51, 내용: 영국 대법원 “신념과 다른 정치적 의견 강요당해선 안돼
[2024-01-10 08:06:42] (DEBUG) => task-[704501] 수집 중 => 키워드: 다니엘 리 | 다니엘리 | Daniel Lee, 카운트: 52, 내용: 사랑으로 대해도 경계해야 할 동성애자들	https://
[2024-01-10 08:06:42] (DEBUG) => task-[704501] 수집 중 => 키워드: 다니엘 리 | 다니엘리 | Daniel Lee, 카운트: 53, 내용: 제9회 gallery NoW 작가상 공모	https:/
[2024-01-10 08:06:42] (DEBUG) => task-[704501] 수집 중 => 키워드: 다니엘 리 | 다니엘리 | Daniel Lee, 카운트: 54, 내용: 국내 성지 순례기 5.양화진 외국인 선교사 묘원(5)	
[2024-01-10 08:06:53] (DEBUG) => task-[704501]의 (54)개의 데이터가 ES에 저장되었습니다.
[2024-01-10 08:06:53] (DEBUG) => 데이터 수집을 정상적으로 완료하였습니다.
[2024-01-10 08:06:53] (DEBUG) => Worker-[1000]가 task-[704501]의 'cafe'(을)를 완료하였습니다.
[2024-01-10 08:07:04] (DEBUG) => Worker-[1000]가 task-[704507]의 'blog'(을)를 시작합니다. (Thread: 18911)
[2024-01-10 08:07:04] (DEBUG) => Worker-[1000]가 task-[704507]의 'blog'(을)를 처리중입니다.
[2024-01-10 08:07:04] (DEBUG) => 수집정보 => 채널: daum, 유형: blog, 키워드: 버버리 | Burberry, 기간: 2015-07-01 ~ 2018-06-30, 테이블: scraw_daum_datainfo
[2024-01-10 08:07:04] (DEBUG) => [Messaging] 다음의 URL에서 콘텐츠를 수집합니다=> https://search.daum.net/search?w=fusion&col=blog&q=%EB%B2%84%EB%B2%84%EB%A6%AC+%7C+Burberry&DA=STC&p=1&period=u&sd=20150701000000&ed=20180630235959&sort=recency
[2024-01-10 08:07:08] (DEBUG) => task-[704507] 수집 중 => 키워드: 버버리 | Burberry, 카운트: 1, 내용: <b>버버리</b> 프로섬 <b>Burberry</b>
[2024-01-10 08:07:08] (DEBUG) => task-[704507] 수집 중 => 키워드: 버버리 | Burberry, 카운트: 2, 내용: <b>버버리</b>(<b>burberry</b>)뷰티 
[2024-01-10 08:07:08] (DEBUG) => task-[704507] 수집 중 => 키워드: 버버리 | Burberry, 카운트: 3, 내용: [남자 시계] 패션 시계 :: <b>버버리</b> (<
[2024-01-10 08:07:08] (DEBUG) => task-[704507] 수집 중 => 키워드: 버버리 | Burberry, 카운트: 4, 내용: [Review] <b>버버리</b>(<b>Burberr
[2024-01-10 08:07:08] (DEBUG) => task-[704507] 수집 중 => 키워드: 버버리 | Burberry, 카운트: 5, 내용: <b>버버리</b> 코리아 <b>BURBERRY</b>
[2024-01-10 08:07:08] (DEBUG) => task-[704507] 수집 중 => 키워드: 버버리 | Burberry, 카운트: 6, 내용: /판매종료/[재입고!]<b>버버리</b>&lt;<b>B
[2024-01-10 08:07:08] (DEBUG) => task-[704507] 수집 중 => 키워드: 버버리 | Burberry, 카운트: 7, 내용: <b>버버리</b> <b>Burberry</b> Spr
[2024-01-10 08:07:08] (DEBUG) => task-[704507] 수집 중 => 키워드: 버버리 | Burberry, 카운트: 8, 내용: <b>버버리</b>(<b>BURBERRY</b>) 모노
[2024-01-10 08:07:08] (DEBUG) => task-[704507] 수집 중 => 키워드: 버버리 | Burberry, 카운트: 9, 내용: <b>버버리</b> 모자/ <b>Burberry</b>
[2024-01-10 08:07:08] (DEBUG) => task-[704507] 수집 중 => 키워드: 버버리 | Burberry, 카운트: 10, 내용: 영국세일/<b>버버리</b>(<b>Burberry</b
[2024-01-10 08:07:08] (DEBUG) => task-[704507] 수집 중 => 키워드: 버버리 | Burberry, 카운트: 11, 내용: [프랑스 현지구매] 마감! <b>버버리</b> <b>B
[2024-01-10 08:07:08] (DEBUG) => task-[704507] 수집 중 => 키워드: 버버리 | Burberry, 카운트: 12, 내용: <b>버버리</b>(<b>Burberry</b>) <b
[2024-01-10 08:07:08] (DEBUG) => task-[704507] 수집 중 => 키워드: 버버리 | Burberry, 카운트: 13, 내용: <b>버버리</b> <b>burberry</b>	htt
[2024-01-10 08:07:08] (DEBUG) => task-[704507] 수집 중 => 키워드: 버버리 | Burberry, 카운트: 14, 내용: <b>버버리</b> <b>BURBERRY</b>핫딜!!
[2024-01-10 08:07:08] (DEBUG) => task-[704507] 수집 중 => 키워드: 버버리 | Burberry, 카운트: 15, 내용: 트렌치코트의 대명사 : <b>버버리</b> (<b>Bu
[2024-01-10 08:07:16] (DEBUG) => [Current Working] RepeatCount: 2/100, Collection: 15/1000.. Wait 1000 seconds
[2024-01-10 08:07:16] (DEBUG) => [Messaging] 다음의 URL에서 콘텐츠를 수집합니다=> https://search.daum.net/search?w=fusion&col=blog&q=%EB%B2%84%EB%B2%84%EB%A6%AC+%7C+Burberry&DA=STC&p=2&period=u&sd=20150701000000&ed=20180630235959&sort=recency
[2024-01-10 08:07:19] (DEBUG) => task-[704507] 수집 중 => 키워드: 버버리 | Burberry, 카운트: 16, 내용: <b>버버리</b> 프로섬 <b>Burberry</b>
[2024-01-10 08:07:19] (DEBUG) => task-[704507] 수집 중 => 키워드: 버버리 | Burberry, 카운트: 17, 내용: <b>버버리</b>(<b>burberry</b>)뷰티 
[2024-01-10 08:07:19] (DEBUG) => task-[704507] 수집 중 => 키워드: 버버리 | Burberry, 카운트: 18, 내용: [남자 시계] 패션 시계 :: <b>버버리</b> (<
[2024-01-10 08:07:19] (DEBUG) => task-[704507] 수집 중 => 키워드: 버버리 | Burberry, 카운트: 19, 내용: [Review] <b>버버리</b>(<b>Burberr
[2024-01-10 08:07:19] (DEBUG) => task-[704507] 수집 중 => 키워드: 버버리 | Burberry, 카운트: 20, 내용: <b>버버리</b> 코리아 <b>BURBERRY</b>
[2024-01-10 08:07:19] (DEBUG) => task-[704507] 수집 중 => 키워드: 버버리 | Burberry, 카운트: 21, 내용: /판매종료/[재입고!]<b>버버리</b>&lt;<b>B
[2024-01-10 08:07:19] (DEBUG) => task-[704507] 수집 중 => 키워드: 버버리 | Burberry, 카운트: 22, 내용: <b>버버리</b> <b>Burberry</b> Spr
[2024-01-10 08:07:19] (DEBUG) => task-[704507] 수집 중 => 키워드: 버버리 | Burberry, 카운트: 23, 내용: <b>버버리</b>(<b>BURBERRY</b>) 모노
[2024-01-10 08:07:19] (DEBUG) => task-[704507] 수집 중 => 키워드: 버버리 | Burberry, 카운트: 24, 내용: <b>버버리</b> 모자/ <b>Burberry</b>
[2024-01-10 08:07:19] (DEBUG) => task-[704507] 수집 중 => 키워드: 버버리 | Burberry, 카운트: 25, 내용: 영국세일/<b>버버리</b>(<b>Burberry</b
[2024-01-10 08:07:19] (DEBUG) => task-[704507] 수집 중 => 키워드: 버버리 | Burberry, 카운트: 26, 내용: [프랑스 현지구매] 마감! <b>버버리</b> <b>B
[2024-01-10 08:07:19] (DEBUG) => task-[704507] 수집 중 => 키워드: 버버리 | Burberry, 카운트: 27, 내용: <b>버버리</b>(<b>Burberry</b>) <b
[2024-01-10 08:07:19] (DEBUG) => task-[704507] 수집 중 => 키워드: 버버리 | Burberry, 카운트: 28, 내용: <b>버버리</b> <b>burberry</b>	htt
[2024-01-10 08:07:19] (DEBUG) => task-[704507] 수집 중 => 키워드: 버버리 | Burberry, 카운트: 29, 내용: <b>버버리</b> <b>BURBERRY</b>핫딜!!
[2024-01-10 08:07:19] (DEBUG) => task-[704507] 수집 중 => 키워드: 버버리 | Burberry, 카운트: 30, 내용: 트렌치코트의 대명사 : <b>버버리</b> (<b>Bu
[2024-01-10 08:07:27] (DEBUG) => [Current Working] RepeatCount: 3/100, Collection: 30/1000.. Wait 1000 seconds
[2024-01-10 08:07:27] (DEBUG) => [Messaging] 다음의 URL에서 콘텐츠를 수집합니다=> https://search.daum.net/search?w=fusion&col=blog&q=%EB%B2%84%EB%B2%84%EB%A6%AC+%7C+Burberry&DA=STC&p=3&period=u&sd=20150701000000&ed=20180630235959&sort=recency
[2024-01-10 08:07:31] (DEBUG) => task-[704507] 수집 중 => 키워드: 버버리 | Burberry, 카운트: 31, 내용: <b>버버리</b> <b>burberry</b> 레인보
[2024-01-10 08:07:31] (DEBUG) => task-[704507] 수집 중 => 키워드: 버버리 | Burberry, 카운트: 32, 내용: &lt;품절&gt; <b>버버리</b> 셔츠 / <b>
[2024-01-10 08:07:31] (DEBUG) => task-[704507] 수집 중 => 키워드: 버버리 | Burberry, 카운트: 33, 내용: <b>버버리</b> <b>Burberry</b> 18S
[2024-01-10 08:07:31] (DEBUG) => task-[704507] 수집 중 => 키워드: 버버리 | Burberry, 카운트: 34, 내용: <b>버버리</b>(<b>Burberry</b>)의 새
[2024-01-10 08:07:31] (DEBUG) => task-[704507] 수집 중 => 키워드: 버버리 | Burberry, 카운트: 35, 내용: <b>버버리</b> (<b>BURBERRY</b>) 로
[2024-01-10 08:07:31] (DEBUG) => task-[704507] 수집 중 => 키워드: 버버리 | Burberry, 카운트: 36, 내용: <b>버버리</b> / <b>BURBERRY</b>	h
[2024-01-10 08:07:31] (DEBUG) => task-[704507] 수집 중 => 키워드: 버버리 | Burberry, 카운트: 37, 내용: <b>버버리</b>(<b>Burberry</b>) 신상
[2024-01-10 08:07:31] (DEBUG) => task-[704507] 수집 중 => 키워드: 버버리 | Burberry, 카운트: 38, 내용: 180214 지민 공항패션[<b>버버리</b> <b>B
[2024-01-10 08:07:31] (DEBUG) => task-[704507] 수집 중 => 키워드: 버버리 | Burberry, 카운트: 39, 내용: 트렌치코트하면 <b>버버리</b> <b>BURBERRY
[2024-01-10 08:07:31] (DEBUG) => task-[704507] 수집 중 => 키워드: 버버리 | Burberry, 카운트: 40, 내용: 2018 S/S <b>버버리</b> <b>Burberr
[2024-01-10 08:07:31] (DEBUG) => task-[704507] 수집 중 => 키워드: 버버리 | Burberry, 카운트: 41, 내용: [케이트플로랄] <b>버버리</b> <b>burberr
[2024-01-10 08:07:31] (DEBUG) => task-[704507] 수집 중 => 키워드: 버버리 | Burberry, 카운트: 42, 내용: <b>버버리</b> <b>Burberry</b>, 크리
[2024-01-10 08:07:31] (DEBUG) => task-[704507] 수집 중 => 키워드: 버버리 | Burberry, 카운트: 43, 내용: 올 봄과 여름에는 <b>버버리</b> 선글라스와 함께!
[2024-01-10 08:07:31] (DEBUG) => task-[704507] 수집 중 => 키워드: 버버리 | Burberry, 카운트: 44, 내용: 명품안경테 <b>버버리</b><b>BURBERRY</b
[2024-01-10 08:07:31] (DEBUG) => task-[704507] 수집 중 => 키워드: 버버리 | Burberry, 카운트: 45, 내용: 아는 만큼 입는다 | <b>버버리</b> (<b>Bur
[2024-01-10 08:07:39] (DEBUG) => [Current Working] RepeatCount: 4/100, Collection: 45/1000.. Wait 1000 seconds
[2024-01-10 08:07:39] (DEBUG) => [Messaging] 다음의 URL에서 콘텐츠를 수집합니다=> https://search.daum.net/search?w=fusion&col=blog&q=%EB%B2%84%EB%B2%84%EB%A6%AC+%7C+Burberry&DA=STC&p=4&period=u&sd=20150701000000&ed=20180630235959&sort=recency
[2024-01-10 08:07:42] (DEBUG) => task-[704507] 수집 중 => 키워드: 버버리 | Burberry, 카운트: 46, 내용: <b>버버리</b> <b>Burberry</b> 세일해
[2024-01-10 08:07:42] (DEBUG) => task-[704507] 수집 중 => 키워드: 버버리 | Burberry, 카운트: 47, 내용: <b>burberry</b> <b>버버리</b> 세일	
[2024-01-10 08:07:42] (DEBUG) => task-[704507] 수집 중 => 키워드: 버버리 | Burberry, 카운트: 48, 내용: [<b>Burberry</b>]<b>버버리</b> 시즌
[2024-01-10 08:07:42] (DEBUG) => task-[704507] 수집 중 => 키워드: 버버리 | Burberry, 카운트: 49, 내용: SOLD [ <b>버버리</b> ] ★ <b>BURBE
[2024-01-10 08:07:42] (DEBUG) => task-[704507] 수집 중 => 키워드: 버버리 | Burberry, 카운트: 50, 내용: [해외] <b>BURBERRY</b> <b>버버리</b
[2024-01-10 08:07:42] (DEBUG) => task-[704507] 수집 중 => 키워드: 버버리 | Burberry, 카운트: 51, 내용: 핫딜*정품 <b>버버리</b> <b>BURBERRY</
[2024-01-10 08:07:42] (DEBUG) => task-[704507] 수집 중 => 키워드: 버버리 | Burberry, 카운트: 52, 내용: <b>버버리</b>(<b>BURBERRY</b>) X 
[2024-01-10 08:07:42] (DEBUG) => task-[704507] 수집 중 => 키워드: 버버리 | Burberry, 카운트: 53, 내용: <b>버버리</b>(<b>BURBERRY</b>) X 
[2024-01-10 08:07:42] (DEBUG) => task-[704507] 수집 중 => 키워드: 버버리 | Burberry, 카운트: 54, 내용: [키링] <b>버버리</b>(<b>BURBERRY</b
[2024-01-10 08:07:42] (DEBUG) => task-[704507] 수집 중 => 키워드: 버버리 | Burberry, 카운트: 55, 내용: <b>버버리</b>(<b>BURBERRY</b>) 20
[2024-01-10 08:07:42] (DEBUG) => task-[704507] 수집 중 => 키워드: 버버리 | Burberry, 카운트: 56, 내용: [<b>burberry</b>][후기] <b>버버리</
[2024-01-10 08:07:42] (DEBUG) => task-[704507] 수집 중 => 키워드: 버버리 | Burberry, 카운트: 57, 내용: <b>버버리</b> 캐시미어 머플러 / <b>Burbe
[2024-01-10 08:07:42] (DEBUG) => task-[704507] 수집 중 => 키워드: 버버리 | Burberry, 카운트: 58, 내용: [<b>버버리</b> <b>Burberry</b>] M
[2024-01-10 08:07:42] (DEBUG) => task-[704507] 수집 중 => 키워드: 버버리 | Burberry, 카운트: 59, 내용: [해외명품브랜드] 영국의 대표적인 브랜드 <b>버버리<
[2024-01-10 08:07:42] (DEBUG) => task-[704507] 수집 중 => 키워드: 버버리 | Burberry, 카운트: 60, 내용: <b>버버리</b> <b>Burberry</b> 201
[2024-01-10 08:07:50] (DEBUG) => [Current Working] RepeatCount: 5/100, Collection: 60/1000.. Wait 1000 seconds
[2024-01-10 08:07:50] (DEBUG) => [Messaging] 다음의 URL에서 콘텐츠를 수집합니다=> https://search.daum.net/search?w=fusion&col=blog&q=%EB%B2%84%EB%B2%84%EB%A6%AC+%7C+Burberry&DA=STC&p=5&period=u&sd=20150701000000&ed=20180630235959&sort=recency
[2024-01-10 08:08:05] (DEBUG) => <urlopen error [Errno -3] Temporary failure in name resolution>
[2024-01-10 08:08:09] (DEBUG) => task-[704507]의 (60)개의 데이터가 ES에 저장되었습니다.
[2024-01-10 08:08:09] (DEBUG) => 데이터 수집을 정상적으로 완료하였습니다.
[2024-01-10 08:08:09] (DEBUG) => Worker-[1000]가 task-[704507]의 'blog'(을)를 완료하였습니다.
[2024-01-10 08:08:28] (DEBUG) => Worker-[1000]가 task-[1329055]의 'news'(을)를 시작합니다. (Thread: 18930)
[2024-01-10 08:08:28] (DEBUG) => Worker-[1000]가 task-[1329055]의 'news'(을)를 처리중입니다.
[2024-01-10 08:08:28] (DEBUG) => 수집정보 => 채널: naver, 유형: news, 키워드: 총선 | 국회의원선거, 기간: 2023-12-01 ~ 2023-12-31, 테이블: scraw_naver_datainfo
